CRITICAL - 2024-02-05 00:20:48 --> CodeIgniter\View\Exceptions\ViewException: Invalid file: "topbar.php"
in SYSTEMPATH/Exceptions/FrameworkException.php on line 39.
 1 SYSTEMPATH/View/View.php(216): CodeIgniter\Exceptions\FrameworkException::forInvalidFile()
 2 SYSTEMPATH/View/View.php(469): CodeIgniter\View\View->render()
 3 APPPATH/Views/home.php(5): CodeIgniter\View\View->include()
 4 SYSTEMPATH/View/View.php(228): include('/app/alphacode/app/Views/home.php')
 5 SYSTEMPATH/View/View.php(231): CodeIgniter\View\View->CodeIgniter\View\{closure}()
 6 SYSTEMPATH/Common.php(1178): CodeIgniter\View\View->render()
 7 APPPATH/Controllers/Home.php(12): view()
 8 SYSTEMPATH/CodeIgniter.php(941): App\Controllers\Home->index()
 9 SYSTEMPATH/CodeIgniter.php(502): CodeIgniter\CodeIgniter->runController()
10 SYSTEMPATH/CodeIgniter.php(361): CodeIgniter\CodeIgniter->handleRequest()
11 FCPATH/index.php(79): CodeIgniter\CodeIgniter->run()
CRITICAL - 2024-02-05 00:28:17 --> CodeIgniter\View\Exceptions\ViewException: Invalid file: "vaga.php"
in SYSTEMPATH/Exceptions/FrameworkException.php on line 39.
 1 SYSTEMPATH/View/View.php(216): CodeIgniter\Exceptions\FrameworkException::forInvalidFile()
 2 SYSTEMPATH/Common.php(1178): CodeIgniter\View\View->render()
 3 APPPATH/Controllers/Home.php(12): view()
 4 SYSTEMPATH/CodeIgniter.php(941): App\Controllers\Home->index()
 5 SYSTEMPATH/CodeIgniter.php(502): CodeIgniter\CodeIgniter->runController()
 6 SYSTEMPATH/CodeIgniter.php(361): CodeIgniter\CodeIgniter->handleRequest()
 7 FCPATH/index.php(79): CodeIgniter\CodeIgniter->run()
CRITICAL - 2024-02-05 00:30:35 --> CodeIgniter\View\Exceptions\ViewException: Invalid file: "vaga/signin.php"
in SYSTEMPATH/Exceptions/FrameworkException.php on line 39.
 1 SYSTEMPATH/View/View.php(216): CodeIgniter\Exceptions\FrameworkException::forInvalidFile()
 2 SYSTEMPATH/Common.php(1178): CodeIgniter\View\View->render()
 3 APPPATH/Controllers/Home.php(17): view()
 4 SYSTEMPATH/CodeIgniter.php(941): App\Controllers\Home->signin()
 5 SYSTEMPATH/CodeIgniter.php(502): CodeIgniter\CodeIgniter->runController()
 6 SYSTEMPATH/CodeIgniter.php(361): CodeIgniter\CodeIgniter->handleRequest()
 7 FCPATH/index.php(79): CodeIgniter\CodeIgniter->run()
CRITICAL - 2024-02-05 00:51:34 --> Error: Call to undefined function get_uri()
in APPPATH/Views/signin.php on line 29.
 1 SYSTEMPATH/View/View.php(228): include()
 2 SYSTEMPATH/View/View.php(231): CodeIgniter\View\View->CodeIgniter\View\{closure}()
 3 SYSTEMPATH/Common.php(1178): CodeIgniter\View\View->render()
 4 APPPATH/Controllers/Home.php(17): view()
 5 SYSTEMPATH/CodeIgniter.php(941): App\Controllers\Home->signin()
 6 SYSTEMPATH/CodeIgniter.php(502): CodeIgniter\CodeIgniter->runController()
 7 SYSTEMPATH/CodeIgniter.php(361): CodeIgniter\CodeIgniter->handleRequest()
 8 FCPATH/index.php(79): CodeIgniter\CodeIgniter->run()
CRITICAL - 2024-02-05 00:51:51 --> Error: Call to undefined function get_url()
in APPPATH/Views/signin.php on line 29.
 1 SYSTEMPATH/View/View.php(228): include()
 2 SYSTEMPATH/View/View.php(231): CodeIgniter\View\View->CodeIgniter\View\{closure}()
 3 SYSTEMPATH/Common.php(1178): CodeIgniter\View\View->render()
 4 APPPATH/Controllers/Home.php(17): view()
 5 SYSTEMPATH/CodeIgniter.php(941): App\Controllers\Home->signin()
 6 SYSTEMPATH/CodeIgniter.php(502): CodeIgniter\CodeIgniter->runController()
 7 SYSTEMPATH/CodeIgniter.php(361): CodeIgniter\CodeIgniter->handleRequest()
 8 FCPATH/index.php(79): CodeIgniter\CodeIgniter->run()
ERROR - 2024-02-05 00:59:00 --> Error connecting to the database: ErrorException: mysqli::real_connect(): php_network_getaddresses: getaddrinfo for mysql failed: Temporary failure in name resolution in /app/alphacode/system/Database/MySQLi/Connection.php:185
Stack trace:
#0 [internal function]: CodeIgniter\Debug\Exceptions->errorHandler()
#1 /app/alphacode/system/Database/MySQLi/Connection.php(185): mysqli->real_connect()
#2 /app/alphacode/system/Database/BaseConnection.php(392): CodeIgniter\Database\MySQLi\Connection->connect()
#3 /app/alphacode/system/Database/BaseConnection.php(575): CodeIgniter\Database\BaseConnection->initialize()
#4 /app/alphacode/system/Database/BaseConnection.php(1410): CodeIgniter\Database\BaseConnection->query()
#5 /app/alphacode/system/Database/BaseConnection.php(1429): CodeIgniter\Database\BaseConnection->listTables()
#6 /app/alphacode/system/Database/MigrationRunner.php(757): CodeIgniter\Database\BaseConnection->tableExists()
#7 /app/alphacode/system/Database/MigrationRunner.php(161): CodeIgniter\Database\MigrationRunner->ensureTable()
#8 /app/alphacode/system/Commands/Database/Migrate.php(84): CodeIgniter\Database\MigrationRunner->latest()
#9 /app/alphacode/system/CLI/Commands.php(65): CodeIgniter\Commands\Database\Migrate->run()
#10 /app/alphacode/system/CLI/Console.php(46): CodeIgniter\CLI\Commands->run()
#11 /app/alphacode/spark(102): CodeIgniter\CLI\Console->run()
#12 {main}

Next mysqli_sql_exception: php_network_getaddresses: getaddrinfo for mysql failed: Temporary failure in name resolution in /app/alphacode/system/Database/MySQLi/Connection.php:185
Stack trace:
#0 /app/alphacode/system/Database/MySQLi/Connection.php(185): mysqli->real_connect()
#1 /app/alphacode/system/Database/BaseConnection.php(392): CodeIgniter\Database\MySQLi\Connection->connect()
#2 /app/alphacode/system/Database/BaseConnection.php(575): CodeIgniter\Database\BaseConnection->initialize()
#3 /app/alphacode/system/Database/BaseConnection.php(1410): CodeIgniter\Database\BaseConnection->query()
#4 /app/alphacode/system/Database/BaseConnection.php(1429): CodeIgniter\Database\BaseConnection->listTables()
#5 /app/alphacode/system/Database/MigrationRunner.php(757): CodeIgniter\Database\BaseConnection->tableExists()
#6 /app/alphacode/system/Database/MigrationRunner.php(161): CodeIgniter\Database\MigrationRunner->ensureTable()
#7 /app/alphacode/system/Commands/Database/Migrate.php(84): CodeIgniter\Database\MigrationRunner->latest()
#8 /app/alphacode/system/CLI/Commands.php(65): CodeIgniter\Commands\Database\Migrate->run()
#9 /app/alphacode/system/CLI/Console.php(46): CodeIgniter\CLI\Commands->run()
#10 /app/alphacode/spark(102): CodeIgniter\CLI\Console->run()
#11 {main}

Next CodeIgniter\Database\Exceptions\DatabaseException: php_network_getaddresses: getaddrinfo for mysql failed: Temporary failure in name resolution in /app/alphacode/system/Database/MySQLi/Connection.php:229
Stack trace:
#0 /app/alphacode/system/Database/BaseConnection.php(392): CodeIgniter\Database\MySQLi\Connection->connect()
#1 /app/alphacode/system/Database/BaseConnection.php(575): CodeIgniter\Database\BaseConnection->initialize()
#2 /app/alphacode/system/Database/BaseConnection.php(1410): CodeIgniter\Database\BaseConnection->query()
#3 /app/alphacode/system/Database/BaseConnection.php(1429): CodeIgniter\Database\BaseConnection->listTables()
#4 /app/alphacode/system/Database/MigrationRunner.php(757): CodeIgniter\Database\BaseConnection->tableExists()
#5 /app/alphacode/system/Database/MigrationRunner.php(161): CodeIgniter\Database\MigrationRunner->ensureTable()
#6 /app/alphacode/system/Commands/Database/Migrate.php(84): CodeIgniter\Database\MigrationRunner->latest()
#7 /app/alphacode/system/CLI/Commands.php(65): CodeIgniter\Commands\Database\Migrate->run()
#8 /app/alphacode/system/CLI/Console.php(46): CodeIgniter\CLI\Commands->run()
#9 /app/alphacode/spark(102): CodeIgniter\CLI\Console->run()
#10 {main}
ERROR - 2024-02-05 00:59:01 --> Error connecting to the database: ErrorException: mysqli::real_connect(): php_network_getaddresses: getaddrinfo for mysql failed: Temporary failure in name resolution in /app/alphacode/system/Database/MySQLi/Connection.php:185
Stack trace:
#0 [internal function]: CodeIgniter\Debug\Exceptions->errorHandler()
#1 /app/alphacode/system/Database/MySQLi/Connection.php(185): mysqli->real_connect()
#2 /app/alphacode/system/Database/BaseConnection.php(392): CodeIgniter\Database\MySQLi\Connection->connect()
#3 /app/alphacode/system/Database/Database.php(66): CodeIgniter\Database\BaseConnection->initialize()
#4 /app/alphacode/system/Database/Config.php(109): CodeIgniter\Database\Database->loadForge()
#5 /app/alphacode/system/Database/Seeder.php(96): CodeIgniter\Database\Config::forge()
#6 /app/alphacode/system/Commands/Database/Seed.php(69): CodeIgniter\Database\Seeder->__construct()
#7 /app/alphacode/system/CLI/Commands.php(65): CodeIgniter\Commands\Database\Seed->run()
#8 /app/alphacode/system/CLI/Console.php(46): CodeIgniter\CLI\Commands->run()
#9 /app/alphacode/spark(102): CodeIgniter\CLI\Console->run()
#10 {main}

Next mysqli_sql_exception: php_network_getaddresses: getaddrinfo for mysql failed: Temporary failure in name resolution in /app/alphacode/system/Database/MySQLi/Connection.php:185
Stack trace:
#0 /app/alphacode/system/Database/MySQLi/Connection.php(185): mysqli->real_connect()
#1 /app/alphacode/system/Database/BaseConnection.php(392): CodeIgniter\Database\MySQLi\Connection->connect()
#2 /app/alphacode/system/Database/Database.php(66): CodeIgniter\Database\BaseConnection->initialize()
#3 /app/alphacode/system/Database/Config.php(109): CodeIgniter\Database\Database->loadForge()
#4 /app/alphacode/system/Database/Seeder.php(96): CodeIgniter\Database\Config::forge()
#5 /app/alphacode/system/Commands/Database/Seed.php(69): CodeIgniter\Database\Seeder->__construct()
#6 /app/alphacode/system/CLI/Commands.php(65): CodeIgniter\Commands\Database\Seed->run()
#7 /app/alphacode/system/CLI/Console.php(46): CodeIgniter\CLI\Commands->run()
#8 /app/alphacode/spark(102): CodeIgniter\CLI\Console->run()
#9 {main}

Next CodeIgniter\Database\Exceptions\DatabaseException: php_network_getaddresses: getaddrinfo for mysql failed: Temporary failure in name resolution in /app/alphacode/system/Database/MySQLi/Connection.php:229
Stack trace:
#0 /app/alphacode/system/Database/BaseConnection.php(392): CodeIgniter\Database\MySQLi\Connection->connect()
#1 /app/alphacode/system/Database/Database.php(66): CodeIgniter\Database\BaseConnection->initialize()
#2 /app/alphacode/system/Database/Config.php(109): CodeIgniter\Database\Database->loadForge()
#3 /app/alphacode/system/Database/Seeder.php(96): CodeIgniter\Database\Config::forge()
#4 /app/alphacode/system/Commands/Database/Seed.php(69): CodeIgniter\Database\Seeder->__construct()
#5 /app/alphacode/system/CLI/Commands.php(65): CodeIgniter\Commands\Database\Seed->run()
#6 /app/alphacode/system/CLI/Console.php(46): CodeIgniter\CLI\Commands->run()
#7 /app/alphacode/spark(102): CodeIgniter\CLI\Console->run()
#8 {main}
CRITICAL - 2024-02-05 00:59:01 --> CodeIgniter\Database\Exceptions\DatabaseException: Unable to connect to the database.
Main connection [MySQLi]: php_network_getaddresses: getaddrinfo for mysql failed: Temporary failure in name resolution
in SYSTEMPATH/Database/BaseConnection.php on line 428.
 1 SYSTEMPATH/Database/Database.php(66): CodeIgniter\Database\BaseConnection->initialize()
 2 SYSTEMPATH/Database/Config.php(109): CodeIgniter\Database\Database->loadForge()
 3 SYSTEMPATH/Database/Seeder.php(96): CodeIgniter\Database\Config::forge()
 4 SYSTEMPATH/Commands/Database/Seed.php(69): CodeIgniter\Database\Seeder->__construct()
 5 SYSTEMPATH/CLI/Commands.php(65): CodeIgniter\Commands\Database\Seed->run()
 6 SYSTEMPATH/CLI/Console.php(46): CodeIgniter\CLI\Commands->run()
 7 ROOTPATH/spark(102): CodeIgniter\CLI\Console->run()
ERROR - 2024-02-05 01:12:32 --> Error connecting to the database: ErrorException: mysqli::real_connect(): php_network_getaddresses: getaddrinfo for mysql failed: Temporary failure in name resolution in /app/alphacode/system/Database/MySQLi/Connection.php:185
Stack trace:
#0 [internal function]: CodeIgniter\Debug\Exceptions->errorHandler()
#1 /app/alphacode/system/Database/MySQLi/Connection.php(185): mysqli->real_connect()
#2 /app/alphacode/system/Database/BaseConnection.php(392): CodeIgniter\Database\MySQLi\Connection->connect()
#3 /app/alphacode/system/Database/BaseConnection.php(575): CodeIgniter\Database\BaseConnection->initialize()
#4 /app/alphacode/system/Database/BaseConnection.php(1410): CodeIgniter\Database\BaseConnection->query()
#5 /app/alphacode/system/Database/BaseConnection.php(1429): CodeIgniter\Database\BaseConnection->listTables()
#6 /app/alphacode/system/Database/MigrationRunner.php(757): CodeIgniter\Database\BaseConnection->tableExists()
#7 /app/alphacode/system/Database/MigrationRunner.php(161): CodeIgniter\Database\MigrationRunner->ensureTable()
#8 /app/alphacode/system/Commands/Database/Migrate.php(84): CodeIgniter\Database\MigrationRunner->latest()
#9 /app/alphacode/system/CLI/Commands.php(65): CodeIgniter\Commands\Database\Migrate->run()
#10 /app/alphacode/system/CLI/Console.php(46): CodeIgniter\CLI\Commands->run()
#11 /app/alphacode/spark(102): CodeIgniter\CLI\Console->run()
#12 {main}

Next mysqli_sql_exception: php_network_getaddresses: getaddrinfo for mysql failed: Temporary failure in name resolution in /app/alphacode/system/Database/MySQLi/Connection.php:185
Stack trace:
#0 /app/alphacode/system/Database/MySQLi/Connection.php(185): mysqli->real_connect()
#1 /app/alphacode/system/Database/BaseConnection.php(392): CodeIgniter\Database\MySQLi\Connection->connect()
#2 /app/alphacode/system/Database/BaseConnection.php(575): CodeIgniter\Database\BaseConnection->initialize()
#3 /app/alphacode/system/Database/BaseConnection.php(1410): CodeIgniter\Database\BaseConnection->query()
#4 /app/alphacode/system/Database/BaseConnection.php(1429): CodeIgniter\Database\BaseConnection->listTables()
#5 /app/alphacode/system/Database/MigrationRunner.php(757): CodeIgniter\Database\BaseConnection->tableExists()
#6 /app/alphacode/system/Database/MigrationRunner.php(161): CodeIgniter\Database\MigrationRunner->ensureTable()
#7 /app/alphacode/system/Commands/Database/Migrate.php(84): CodeIgniter\Database\MigrationRunner->latest()
#8 /app/alphacode/system/CLI/Commands.php(65): CodeIgniter\Commands\Database\Migrate->run()
#9 /app/alphacode/system/CLI/Console.php(46): CodeIgniter\CLI\Commands->run()
#10 /app/alphacode/spark(102): CodeIgniter\CLI\Console->run()
#11 {main}

Next CodeIgniter\Database\Exceptions\DatabaseException: php_network_getaddresses: getaddrinfo for mysql failed: Temporary failure in name resolution in /app/alphacode/system/Database/MySQLi/Connection.php:229
Stack trace:
#0 /app/alphacode/system/Database/BaseConnection.php(392): CodeIgniter\Database\MySQLi\Connection->connect()
#1 /app/alphacode/system/Database/BaseConnection.php(575): CodeIgniter\Database\BaseConnection->initialize()
#2 /app/alphacode/system/Database/BaseConnection.php(1410): CodeIgniter\Database\BaseConnection->query()
#3 /app/alphacode/system/Database/BaseConnection.php(1429): CodeIgniter\Database\BaseConnection->listTables()
#4 /app/alphacode/system/Database/MigrationRunner.php(757): CodeIgniter\Database\BaseConnection->tableExists()
#5 /app/alphacode/system/Database/MigrationRunner.php(161): CodeIgniter\Database\MigrationRunner->ensureTable()
#6 /app/alphacode/system/Commands/Database/Migrate.php(84): CodeIgniter\Database\MigrationRunner->latest()
#7 /app/alphacode/system/CLI/Commands.php(65): CodeIgniter\Commands\Database\Migrate->run()
#8 /app/alphacode/system/CLI/Console.php(46): CodeIgniter\CLI\Commands->run()
#9 /app/alphacode/spark(102): CodeIgniter\CLI\Console->run()
#10 {main}
ERROR - 2024-02-05 01:12:32 --> Error connecting to the database: ErrorException: mysqli::real_connect(): php_network_getaddresses: getaddrinfo for mysql failed: Temporary failure in name resolution in /app/alphacode/system/Database/MySQLi/Connection.php:185
Stack trace:
#0 [internal function]: CodeIgniter\Debug\Exceptions->errorHandler()
#1 /app/alphacode/system/Database/MySQLi/Connection.php(185): mysqli->real_connect()
#2 /app/alphacode/system/Database/BaseConnection.php(392): CodeIgniter\Database\MySQLi\Connection->connect()
#3 /app/alphacode/system/Database/Database.php(66): CodeIgniter\Database\BaseConnection->initialize()
#4 /app/alphacode/system/Database/Config.php(109): CodeIgniter\Database\Database->loadForge()
#5 /app/alphacode/system/Database/Seeder.php(96): CodeIgniter\Database\Config::forge()
#6 /app/alphacode/system/Commands/Database/Seed.php(69): CodeIgniter\Database\Seeder->__construct()
#7 /app/alphacode/system/CLI/Commands.php(65): CodeIgniter\Commands\Database\Seed->run()
#8 /app/alphacode/system/CLI/Console.php(46): CodeIgniter\CLI\Commands->run()
#9 /app/alphacode/spark(102): CodeIgniter\CLI\Console->run()
#10 {main}

Next mysqli_sql_exception: php_network_getaddresses: getaddrinfo for mysql failed: Temporary failure in name resolution in /app/alphacode/system/Database/MySQLi/Connection.php:185
Stack trace:
#0 /app/alphacode/system/Database/MySQLi/Connection.php(185): mysqli->real_connect()
#1 /app/alphacode/system/Database/BaseConnection.php(392): CodeIgniter\Database\MySQLi\Connection->connect()
#2 /app/alphacode/system/Database/Database.php(66): CodeIgniter\Database\BaseConnection->initialize()
#3 /app/alphacode/system/Database/Config.php(109): CodeIgniter\Database\Database->loadForge()
#4 /app/alphacode/system/Database/Seeder.php(96): CodeIgniter\Database\Config::forge()
#5 /app/alphacode/system/Commands/Database/Seed.php(69): CodeIgniter\Database\Seeder->__construct()
#6 /app/alphacode/system/CLI/Commands.php(65): CodeIgniter\Commands\Database\Seed->run()
#7 /app/alphacode/system/CLI/Console.php(46): CodeIgniter\CLI\Commands->run()
#8 /app/alphacode/spark(102): CodeIgniter\CLI\Console->run()
#9 {main}

Next CodeIgniter\Database\Exceptions\DatabaseException: php_network_getaddresses: getaddrinfo for mysql failed: Temporary failure in name resolution in /app/alphacode/system/Database/MySQLi/Connection.php:229
Stack trace:
#0 /app/alphacode/system/Database/BaseConnection.php(392): CodeIgniter\Database\MySQLi\Connection->connect()
#1 /app/alphacode/system/Database/Database.php(66): CodeIgniter\Database\BaseConnection->initialize()
#2 /app/alphacode/system/Database/Config.php(109): CodeIgniter\Database\Database->loadForge()
#3 /app/alphacode/system/Database/Seeder.php(96): CodeIgniter\Database\Config::forge()
#4 /app/alphacode/system/Commands/Database/Seed.php(69): CodeIgniter\Database\Seeder->__construct()
#5 /app/alphacode/system/CLI/Commands.php(65): CodeIgniter\Commands\Database\Seed->run()
#6 /app/alphacode/system/CLI/Console.php(46): CodeIgniter\CLI\Commands->run()
#7 /app/alphacode/spark(102): CodeIgniter\CLI\Console->run()
#8 {main}
CRITICAL - 2024-02-05 01:12:32 --> CodeIgniter\Database\Exceptions\DatabaseException: Unable to connect to the database.
Main connection [MySQLi]: php_network_getaddresses: getaddrinfo for mysql failed: Temporary failure in name resolution
in SYSTEMPATH/Database/BaseConnection.php on line 428.
 1 SYSTEMPATH/Database/Database.php(66): CodeIgniter\Database\BaseConnection->initialize()
 2 SYSTEMPATH/Database/Config.php(109): CodeIgniter\Database\Database->loadForge()
 3 SYSTEMPATH/Database/Seeder.php(96): CodeIgniter\Database\Config::forge()
 4 SYSTEMPATH/Commands/Database/Seed.php(69): CodeIgniter\Database\Seeder->__construct()
 5 SYSTEMPATH/CLI/Commands.php(65): CodeIgniter\Commands\Database\Seed->run()
 6 SYSTEMPATH/CLI/Console.php(46): CodeIgniter\CLI\Commands->run()
 7 ROOTPATH/spark(102): CodeIgniter\CLI\Console->run()
CRITICAL - 2024-02-05 02:30:09 --> ErrorException: Undefined variable $vaModel
in APPPATH/Controllers/Vaga.php on line 44.
 1 APPPATH/Controllers/Vaga.php(44): CodeIgniter\Debug\Exceptions->errorHandler()
 2 SYSTEMPATH/CodeIgniter.php(941): App\Controllers\Vaga->listarVagas()
 3 SYSTEMPATH/CodeIgniter.php(502): CodeIgniter\CodeIgniter->runController()
 4 SYSTEMPATH/CodeIgniter.php(361): CodeIgniter\CodeIgniter->handleRequest()
 5 FCPATH/index.php(79): CodeIgniter\CodeIgniter->run()
CRITICAL - 2024-02-05 02:30:09 --> ErrorException: Undefined variable $vaModel
in APPPATH/Controllers/Vaga.php on line 44.
 1 APPPATH/Controllers/Vaga.php(44): CodeIgniter\Debug\Exceptions->errorHandler()
 2 SYSTEMPATH/CodeIgniter.php(941): App\Controllers\Vaga->listarVagas()
 3 SYSTEMPATH/CodeIgniter.php(502): CodeIgniter\CodeIgniter->runController()
 4 SYSTEMPATH/CodeIgniter.php(361): CodeIgniter\CodeIgniter->handleRequest()
 5 FCPATH/index.php(79): CodeIgniter\CodeIgniter->run()
CRITICAL - 2024-02-05 02:43:41 --> ErrorException: Undefined property: App\Controllers\Vaga::$load
in APPPATH/Controllers/Vaga.php on line 45.
 1 APPPATH/Controllers/Vaga.php(45): CodeIgniter\Debug\Exceptions->errorHandler()
 2 SYSTEMPATH/CodeIgniter.php(941): App\Controllers\Vaga->listarVagas()
 3 SYSTEMPATH/CodeIgniter.php(502): CodeIgniter\CodeIgniter->runController()
 4 SYSTEMPATH/CodeIgniter.php(361): CodeIgniter\CodeIgniter->handleRequest()
 5 FCPATH/index.php(79): CodeIgniter\CodeIgniter->run()
CRITICAL - 2024-02-05 02:44:42 --> ErrorException: Undefined property: App\Controllers\Vaga::$load
in APPPATH/Controllers/Vaga.php on line 45.
 1 APPPATH/Controllers/Vaga.php(45): CodeIgniter\Debug\Exceptions->errorHandler()
 2 SYSTEMPATH/CodeIgniter.php(941): App\Controllers\Vaga->listarVagas()
 3 SYSTEMPATH/CodeIgniter.php(502): CodeIgniter\CodeIgniter->runController()
 4 SYSTEMPATH/CodeIgniter.php(361): CodeIgniter\CodeIgniter->handleRequest()
 5 FCPATH/index.php(79): CodeIgniter\CodeIgniter->run()
CRITICAL - 2024-02-05 02:44:46 --> ErrorException: Undefined property: App\Controllers\Vaga::$db
in APPPATH/Controllers/Vaga.php on line 45.
 1 APPPATH/Controllers/Vaga.php(45): CodeIgniter\Debug\Exceptions->errorHandler()
 2 SYSTEMPATH/CodeIgniter.php(941): App\Controllers\Vaga->listarVagas()
 3 SYSTEMPATH/CodeIgniter.php(502): CodeIgniter\CodeIgniter->runController()
 4 SYSTEMPATH/CodeIgniter.php(361): CodeIgniter\CodeIgniter->handleRequest()
 5 FCPATH/index.php(79): CodeIgniter\CodeIgniter->run()
CRITICAL - 2024-02-05 02:45:25 --> ErrorException: Undefined property: App\Controllers\Vaga::$db
in APPPATH/Controllers/Vaga.php on line 45.
 1 APPPATH/Controllers/Vaga.php(45): CodeIgniter\Debug\Exceptions->errorHandler()
 2 SYSTEMPATH/CodeIgniter.php(941): App\Controllers\Vaga->listarVagas()
 3 SYSTEMPATH/CodeIgniter.php(502): CodeIgniter\CodeIgniter->runController()
 4 SYSTEMPATH/CodeIgniter.php(361): CodeIgniter\CodeIgniter->handleRequest()
 5 FCPATH/index.php(79): CodeIgniter\CodeIgniter->run()
CRITICAL - 2024-02-05 02:46:10 --> ErrorException: Undefined variable $skip
in APPPATH/Controllers/Vaga.php on line 53.
 1 APPPATH/Controllers/Vaga.php(53): CodeIgniter\Debug\Exceptions->errorHandler()
 2 SYSTEMPATH/CodeIgniter.php(941): App\Controllers\Vaga->listarVagas()
 3 SYSTEMPATH/CodeIgniter.php(502): CodeIgniter\CodeIgniter->runController()
 4 SYSTEMPATH/CodeIgniter.php(361): CodeIgniter\CodeIgniter->handleRequest()
 5 FCPATH/index.php(79): CodeIgniter\CodeIgniter->run()
CRITICAL - 2024-02-05 02:46:26 --> ErrorException: Undefined variable $vagasTotal
in APPPATH/Controllers/Vaga.php on line 64.
 1 APPPATH/Controllers/Vaga.php(64): CodeIgniter\Debug\Exceptions->errorHandler()
 2 SYSTEMPATH/CodeIgniter.php(941): App\Controllers\Vaga->listarVagas()
 3 SYSTEMPATH/CodeIgniter.php(502): CodeIgniter\CodeIgniter->runController()
 4 SYSTEMPATH/CodeIgniter.php(361): CodeIgniter\CodeIgniter->handleRequest()
 5 FCPATH/index.php(79): CodeIgniter\CodeIgniter->run()
CRITICAL - 2024-02-05 02:47:20 --> Error: Call to undefined method CodeIgniter\Database\MySQLi\Builder::and()
in APPPATH/Controllers/Vaga.php on line 49.
 1 SYSTEMPATH/CodeIgniter.php(941): App\Controllers\Vaga->listarVagas()
 2 SYSTEMPATH/CodeIgniter.php(502): CodeIgniter\CodeIgniter->runController()
 3 SYSTEMPATH/CodeIgniter.php(361): CodeIgniter\CodeIgniter->handleRequest()
 4 FCPATH/index.php(79): CodeIgniter\CodeIgniter->run()
CRITICAL - 2024-02-05 02:50:47 --> ErrorException: Cannot use isset() on the result of an expression (you can use "null !== expression" instead)
in APPPATH/Controllers/Vaga.php on line 46.
 1 [internal function]: CodeIgniter\Debug\Exceptions->shutdownHandler()
CRITICAL - 2024-02-05 02:51:14 --> ErrorException: Cannot use isset() on the result of an expression (you can use "null !== expression" instead)
in APPPATH/Controllers/Vaga.php on line 46.
 1 [internal function]: CodeIgniter\Debug\Exceptions->shutdownHandler()
CRITICAL - 2024-02-05 02:51:17 --> ErrorException: Cannot use isset() on the result of an expression (you can use "null !== expression" instead)
in APPPATH/Controllers/Vaga.php on line 46.
 1 [internal function]: CodeIgniter\Debug\Exceptions->shutdownHandler()
CRITICAL - 2024-02-05 02:51:36 --> Error: Call to undefined method CodeIgniter\Database\MySQLi\Builder::or_like()
in APPPATH/Controllers/Vaga.php on line 56.
 1 SYSTEMPATH/CodeIgniter.php(941): App\Controllers\Vaga->listarVagas()
 2 SYSTEMPATH/CodeIgniter.php(502): CodeIgniter\CodeIgniter->runController()
 3 SYSTEMPATH/CodeIgniter.php(361): CodeIgniter\CodeIgniter->handleRequest()
 4 FCPATH/index.php(79): CodeIgniter\CodeIgniter->run()
CRITICAL - 2024-02-05 02:57:01 --> ErrorException: Undefined variable $order
in APPPATH/Controllers/Vaga.php on line 61.
 1 APPPATH/Controllers/Vaga.php(61): CodeIgniter\Debug\Exceptions->errorHandler()
 2 SYSTEMPATH/CodeIgniter.php(941): App\Controllers\Vaga->listarVagas()
 3 SYSTEMPATH/CodeIgniter.php(502): CodeIgniter\CodeIgniter->runController()
 4 SYSTEMPATH/CodeIgniter.php(361): CodeIgniter\CodeIgniter->handleRequest()
 5 FCPATH/index.php(79): CodeIgniter\CodeIgniter->run()
CRITICAL - 2024-02-05 03:20:14 --> ErrorException: Undefined array key 3
in APPPATH/Controllers/Usuario.php on line 52.
 1 APPPATH/Controllers/Usuario.php(52): CodeIgniter\Debug\Exceptions->errorHandler()
 2 SYSTEMPATH/CodeIgniter.php(941): App\Controllers\Usuario->listarUsuarios()
 3 SYSTEMPATH/CodeIgniter.php(502): CodeIgniter\CodeIgniter->runController()
 4 SYSTEMPATH/CodeIgniter.php(361): CodeIgniter\CodeIgniter->handleRequest()
 5 FCPATH/index.php(79): CodeIgniter\CodeIgniter->run()
ERROR - 2024-02-05 03:21:43 --> mysqli_sql_exception: Column 'deleted_at' in where clause is ambiguous in /app/alphacode/system/Database/MySQLi/Connection.php:306
Stack trace:
#0 /app/alphacode/system/Database/MySQLi/Connection.php(306): mysqli->query()
#1 /app/alphacode/system/Database/BaseConnection.php(693): CodeIgniter\Database\MySQLi\Connection->execute()
#2 /app/alphacode/system/Database/BaseConnection.php(607): CodeIgniter\Database\BaseConnection->simpleQuery()
#3 /app/alphacode/system/Database/BaseBuilder.php(1616): CodeIgniter\Database\BaseConnection->query()
#4 /app/alphacode/app/Controllers/Usuario.php(59): CodeIgniter\Database\BaseBuilder->get()
#5 /app/alphacode/system/CodeIgniter.php(941): App\Controllers\Usuario->listarUsuarios()
#6 /app/alphacode/system/CodeIgniter.php(502): CodeIgniter\CodeIgniter->runController()
#7 /app/alphacode/system/CodeIgniter.php(361): CodeIgniter\CodeIgniter->handleRequest()
#8 /app/alphacode/public/index.php(79): CodeIgniter\CodeIgniter->run()
#9 {main}
CRITICAL - 2024-02-05 03:21:43 --> CodeIgniter\Database\Exceptions\DatabaseException: Column 'deleted_at' in where clause is ambiguous
in SYSTEMPATH/Database/BaseConnection.php on line 647.
 1 SYSTEMPATH/Database/BaseBuilder.php(1616): CodeIgniter\Database\BaseConnection->query()
 2 APPPATH/Controllers/Usuario.php(59): CodeIgniter\Database\BaseBuilder->get()
 3 SYSTEMPATH/CodeIgniter.php(941): App\Controllers\Usuario->listarUsuarios()
 4 SYSTEMPATH/CodeIgniter.php(502): CodeIgniter\CodeIgniter->runController()
 5 SYSTEMPATH/CodeIgniter.php(361): CodeIgniter\CodeIgniter->handleRequest()
 6 FCPATH/index.php(79): CodeIgniter\CodeIgniter->run()
CRITICAL - 2024-02-05 03:21:43 --> [Caused by] CodeIgniter\Database\Exceptions\DatabaseException: Column 'deleted_at' in where clause is ambiguous
in SYSTEMPATH/Database/MySQLi/Connection.php on line 311.
 1 SYSTEMPATH/Database/BaseConnection.php(693): CodeIgniter\Database\MySQLi\Connection->execute()
 2 SYSTEMPATH/Database/BaseConnection.php(607): CodeIgniter\Database\BaseConnection->simpleQuery()
 3 SYSTEMPATH/Database/BaseBuilder.php(1616): CodeIgniter\Database\BaseConnection->query()
 4 APPPATH/Controllers/Usuario.php(59): CodeIgniter\Database\BaseBuilder->get()
 5 SYSTEMPATH/CodeIgniter.php(941): App\Controllers\Usuario->listarUsuarios()
 6 SYSTEMPATH/CodeIgniter.php(502): CodeIgniter\CodeIgniter->runController()
 7 SYSTEMPATH/CodeIgniter.php(361): CodeIgniter\CodeIgniter->handleRequest()
 8 FCPATH/index.php(79): CodeIgniter\CodeIgniter->run()
CRITICAL - 2024-02-05 03:21:43 --> [Caused by] mysqli_sql_exception: Column 'deleted_at' in where clause is ambiguous
in SYSTEMPATH/Database/MySQLi/Connection.php on line 306.
 1 SYSTEMPATH/Database/MySQLi/Connection.php(306): mysqli->query()
 2 SYSTEMPATH/Database/BaseConnection.php(693): CodeIgniter\Database\MySQLi\Connection->execute()
 3 SYSTEMPATH/Database/BaseConnection.php(607): CodeIgniter\Database\BaseConnection->simpleQuery()
 4 SYSTEMPATH/Database/BaseBuilder.php(1616): CodeIgniter\Database\BaseConnection->query()
 5 APPPATH/Controllers/Usuario.php(59): CodeIgniter\Database\BaseBuilder->get()
 6 SYSTEMPATH/CodeIgniter.php(941): App\Controllers\Usuario->listarUsuarios()
 7 SYSTEMPATH/CodeIgniter.php(502): CodeIgniter\CodeIgniter->runController()
 8 SYSTEMPATH/CodeIgniter.php(361): CodeIgniter\CodeIgniter->handleRequest()
 9 FCPATH/index.php(79): CodeIgniter\CodeIgniter->run()
ERROR - 2024-02-05 03:22:10 --> mysqli_sql_exception: Column 'deleted_at' in where clause is ambiguous in /app/alphacode/system/Database/MySQLi/Connection.php:306
Stack trace:
#0 /app/alphacode/system/Database/MySQLi/Connection.php(306): mysqli->query()
#1 /app/alphacode/system/Database/BaseConnection.php(693): CodeIgniter\Database\MySQLi\Connection->execute()
#2 /app/alphacode/system/Database/BaseConnection.php(607): CodeIgniter\Database\BaseConnection->simpleQuery()
#3 /app/alphacode/system/Database/BaseBuilder.php(1616): CodeIgniter\Database\BaseConnection->query()
#4 /app/alphacode/app/Controllers/Usuario.php(59): CodeIgniter\Database\BaseBuilder->get()
#5 /app/alphacode/system/CodeIgniter.php(941): App\Controllers\Usuario->listarUsuarios()
#6 /app/alphacode/system/CodeIgniter.php(502): CodeIgniter\CodeIgniter->runController()
#7 /app/alphacode/system/CodeIgniter.php(361): CodeIgniter\CodeIgniter->handleRequest()
#8 /app/alphacode/public/index.php(79): CodeIgniter\CodeIgniter->run()
#9 {main}
CRITICAL - 2024-02-05 03:22:10 --> CodeIgniter\Database\Exceptions\DatabaseException: Column 'deleted_at' in where clause is ambiguous
in SYSTEMPATH/Database/BaseConnection.php on line 647.
 1 SYSTEMPATH/Database/BaseBuilder.php(1616): CodeIgniter\Database\BaseConnection->query()
 2 APPPATH/Controllers/Usuario.php(59): CodeIgniter\Database\BaseBuilder->get()
 3 SYSTEMPATH/CodeIgniter.php(941): App\Controllers\Usuario->listarUsuarios()
 4 SYSTEMPATH/CodeIgniter.php(502): CodeIgniter\CodeIgniter->runController()
 5 SYSTEMPATH/CodeIgniter.php(361): CodeIgniter\CodeIgniter->handleRequest()
 6 FCPATH/index.php(79): CodeIgniter\CodeIgniter->run()
CRITICAL - 2024-02-05 03:22:10 --> [Caused by] CodeIgniter\Database\Exceptions\DatabaseException: Column 'deleted_at' in where clause is ambiguous
in SYSTEMPATH/Database/MySQLi/Connection.php on line 311.
 1 SYSTEMPATH/Database/BaseConnection.php(693): CodeIgniter\Database\MySQLi\Connection->execute()
 2 SYSTEMPATH/Database/BaseConnection.php(607): CodeIgniter\Database\BaseConnection->simpleQuery()
 3 SYSTEMPATH/Database/BaseBuilder.php(1616): CodeIgniter\Database\BaseConnection->query()
 4 APPPATH/Controllers/Usuario.php(59): CodeIgniter\Database\BaseBuilder->get()
 5 SYSTEMPATH/CodeIgniter.php(941): App\Controllers\Usuario->listarUsuarios()
 6 SYSTEMPATH/CodeIgniter.php(502): CodeIgniter\CodeIgniter->runController()
 7 SYSTEMPATH/CodeIgniter.php(361): CodeIgniter\CodeIgniter->handleRequest()
 8 FCPATH/index.php(79): CodeIgniter\CodeIgniter->run()
CRITICAL - 2024-02-05 03:22:10 --> [Caused by] mysqli_sql_exception: Column 'deleted_at' in where clause is ambiguous
in SYSTEMPATH/Database/MySQLi/Connection.php on line 306.
 1 SYSTEMPATH/Database/MySQLi/Connection.php(306): mysqli->query()
 2 SYSTEMPATH/Database/BaseConnection.php(693): CodeIgniter\Database\MySQLi\Connection->execute()
 3 SYSTEMPATH/Database/BaseConnection.php(607): CodeIgniter\Database\BaseConnection->simpleQuery()
 4 SYSTEMPATH/Database/BaseBuilder.php(1616): CodeIgniter\Database\BaseConnection->query()
 5 APPPATH/Controllers/Usuario.php(59): CodeIgniter\Database\BaseBuilder->get()
 6 SYSTEMPATH/CodeIgniter.php(941): App\Controllers\Usuario->listarUsuarios()
 7 SYSTEMPATH/CodeIgniter.php(502): CodeIgniter\CodeIgniter->runController()
 8 SYSTEMPATH/CodeIgniter.php(361): CodeIgniter\CodeIgniter->handleRequest()
 9 FCPATH/index.php(79): CodeIgniter\CodeIgniter->run()
ERROR - 2024-02-05 03:22:27 --> mysqli_sql_exception: Column 'deleted_at' in where clause is ambiguous in /app/alphacode/system/Database/MySQLi/Connection.php:306
Stack trace:
#0 /app/alphacode/system/Database/MySQLi/Connection.php(306): mysqli->query()
#1 /app/alphacode/system/Database/BaseConnection.php(693): CodeIgniter\Database\MySQLi\Connection->execute()
#2 /app/alphacode/system/Database/BaseConnection.php(607): CodeIgniter\Database\BaseConnection->simpleQuery()
#3 /app/alphacode/system/Database/BaseBuilder.php(1616): CodeIgniter\Database\BaseConnection->query()
#4 /app/alphacode/app/Controllers/Usuario.php(59): CodeIgniter\Database\BaseBuilder->get()
#5 /app/alphacode/system/CodeIgniter.php(941): App\Controllers\Usuario->listarUsuarios()
#6 /app/alphacode/system/CodeIgniter.php(502): CodeIgniter\CodeIgniter->runController()
#7 /app/alphacode/system/CodeIgniter.php(361): CodeIgniter\CodeIgniter->handleRequest()
#8 /app/alphacode/public/index.php(79): CodeIgniter\CodeIgniter->run()
#9 {main}
CRITICAL - 2024-02-05 03:22:27 --> CodeIgniter\Database\Exceptions\DatabaseException: Column 'deleted_at' in where clause is ambiguous
in SYSTEMPATH/Database/BaseConnection.php on line 647.
 1 SYSTEMPATH/Database/BaseBuilder.php(1616): CodeIgniter\Database\BaseConnection->query()
 2 APPPATH/Controllers/Usuario.php(59): CodeIgniter\Database\BaseBuilder->get()
 3 SYSTEMPATH/CodeIgniter.php(941): App\Controllers\Usuario->listarUsuarios()
 4 SYSTEMPATH/CodeIgniter.php(502): CodeIgniter\CodeIgniter->runController()
 5 SYSTEMPATH/CodeIgniter.php(361): CodeIgniter\CodeIgniter->handleRequest()
 6 FCPATH/index.php(79): CodeIgniter\CodeIgniter->run()
CRITICAL - 2024-02-05 03:22:27 --> [Caused by] CodeIgniter\Database\Exceptions\DatabaseException: Column 'deleted_at' in where clause is ambiguous
in SYSTEMPATH/Database/MySQLi/Connection.php on line 311.
 1 SYSTEMPATH/Database/BaseConnection.php(693): CodeIgniter\Database\MySQLi\Connection->execute()
 2 SYSTEMPATH/Database/BaseConnection.php(607): CodeIgniter\Database\BaseConnection->simpleQuery()
 3 SYSTEMPATH/Database/BaseBuilder.php(1616): CodeIgniter\Database\BaseConnection->query()
 4 APPPATH/Controllers/Usuario.php(59): CodeIgniter\Database\BaseBuilder->get()
 5 SYSTEMPATH/CodeIgniter.php(941): App\Controllers\Usuario->listarUsuarios()
 6 SYSTEMPATH/CodeIgniter.php(502): CodeIgniter\CodeIgniter->runController()
 7 SYSTEMPATH/CodeIgniter.php(361): CodeIgniter\CodeIgniter->handleRequest()
 8 FCPATH/index.php(79): CodeIgniter\CodeIgniter->run()
CRITICAL - 2024-02-05 03:22:27 --> [Caused by] mysqli_sql_exception: Column 'deleted_at' in where clause is ambiguous
in SYSTEMPATH/Database/MySQLi/Connection.php on line 306.
 1 SYSTEMPATH/Database/MySQLi/Connection.php(306): mysqli->query()
 2 SYSTEMPATH/Database/BaseConnection.php(693): CodeIgniter\Database\MySQLi\Connection->execute()
 3 SYSTEMPATH/Database/BaseConnection.php(607): CodeIgniter\Database\BaseConnection->simpleQuery()
 4 SYSTEMPATH/Database/BaseBuilder.php(1616): CodeIgniter\Database\BaseConnection->query()
 5 APPPATH/Controllers/Usuario.php(59): CodeIgniter\Database\BaseBuilder->get()
 6 SYSTEMPATH/CodeIgniter.php(941): App\Controllers\Usuario->listarUsuarios()
 7 SYSTEMPATH/CodeIgniter.php(502): CodeIgniter\CodeIgniter->runController()
 8 SYSTEMPATH/CodeIgniter.php(361): CodeIgniter\CodeIgniter->handleRequest()
 9 FCPATH/index.php(79): CodeIgniter\CodeIgniter->run()
ERROR - 2024-02-05 03:23:18 --> mysqli_sql_exception: Column 'id' in order clause is ambiguous in /app/alphacode/system/Database/MySQLi/Connection.php:306
Stack trace:
#0 /app/alphacode/system/Database/MySQLi/Connection.php(306): mysqli->query()
#1 /app/alphacode/system/Database/BaseConnection.php(693): CodeIgniter\Database\MySQLi\Connection->execute()
#2 /app/alphacode/system/Database/BaseConnection.php(607): CodeIgniter\Database\BaseConnection->simpleQuery()
#3 /app/alphacode/system/Database/BaseBuilder.php(1616): CodeIgniter\Database\BaseConnection->query()
#4 /app/alphacode/app/Controllers/Usuario.php(59): CodeIgniter\Database\BaseBuilder->get()
#5 /app/alphacode/system/CodeIgniter.php(941): App\Controllers\Usuario->listarUsuarios()
#6 /app/alphacode/system/CodeIgniter.php(502): CodeIgniter\CodeIgniter->runController()
#7 /app/alphacode/system/CodeIgniter.php(361): CodeIgniter\CodeIgniter->handleRequest()
#8 /app/alphacode/public/index.php(79): CodeIgniter\CodeIgniter->run()
#9 {main}
CRITICAL - 2024-02-05 03:23:18 --> CodeIgniter\Database\Exceptions\DatabaseException: Column 'id' in order clause is ambiguous
in SYSTEMPATH/Database/BaseConnection.php on line 647.
 1 SYSTEMPATH/Database/BaseBuilder.php(1616): CodeIgniter\Database\BaseConnection->query()
 2 APPPATH/Controllers/Usuario.php(59): CodeIgniter\Database\BaseBuilder->get()
 3 SYSTEMPATH/CodeIgniter.php(941): App\Controllers\Usuario->listarUsuarios()
 4 SYSTEMPATH/CodeIgniter.php(502): CodeIgniter\CodeIgniter->runController()
 5 SYSTEMPATH/CodeIgniter.php(361): CodeIgniter\CodeIgniter->handleRequest()
 6 FCPATH/index.php(79): CodeIgniter\CodeIgniter->run()
CRITICAL - 2024-02-05 03:23:18 --> [Caused by] CodeIgniter\Database\Exceptions\DatabaseException: Column 'id' in order clause is ambiguous
in SYSTEMPATH/Database/MySQLi/Connection.php on line 311.
 1 SYSTEMPATH/Database/BaseConnection.php(693): CodeIgniter\Database\MySQLi\Connection->execute()
 2 SYSTEMPATH/Database/BaseConnection.php(607): CodeIgniter\Database\BaseConnection->simpleQuery()
 3 SYSTEMPATH/Database/BaseBuilder.php(1616): CodeIgniter\Database\BaseConnection->query()
 4 APPPATH/Controllers/Usuario.php(59): CodeIgniter\Database\BaseBuilder->get()
 5 SYSTEMPATH/CodeIgniter.php(941): App\Controllers\Usuario->listarUsuarios()
 6 SYSTEMPATH/CodeIgniter.php(502): CodeIgniter\CodeIgniter->runController()
 7 SYSTEMPATH/CodeIgniter.php(361): CodeIgniter\CodeIgniter->handleRequest()
 8 FCPATH/index.php(79): CodeIgniter\CodeIgniter->run()
CRITICAL - 2024-02-05 03:23:18 --> [Caused by] mysqli_sql_exception: Column 'id' in order clause is ambiguous
in SYSTEMPATH/Database/MySQLi/Connection.php on line 306.
 1 SYSTEMPATH/Database/MySQLi/Connection.php(306): mysqli->query()
 2 SYSTEMPATH/Database/BaseConnection.php(693): CodeIgniter\Database\MySQLi\Connection->execute()
 3 SYSTEMPATH/Database/BaseConnection.php(607): CodeIgniter\Database\BaseConnection->simpleQuery()
 4 SYSTEMPATH/Database/BaseBuilder.php(1616): CodeIgniter\Database\BaseConnection->query()
 5 APPPATH/Controllers/Usuario.php(59): CodeIgniter\Database\BaseBuilder->get()
 6 SYSTEMPATH/CodeIgniter.php(941): App\Controllers\Usuario->listarUsuarios()
 7 SYSTEMPATH/CodeIgniter.php(502): CodeIgniter\CodeIgniter->runController()
 8 SYSTEMPATH/CodeIgniter.php(361): CodeIgniter\CodeIgniter->handleRequest()
 9 FCPATH/index.php(79): CodeIgniter\CodeIgniter->run()
CRITICAL - 2024-02-05 03:25:32 --> ErrorException: Undefined array key 4
in APPPATH/Controllers/Usuario.php on line 54.
 1 APPPATH/Controllers/Usuario.php(54): CodeIgniter\Debug\Exceptions->errorHandler()
 2 SYSTEMPATH/CodeIgniter.php(941): App\Controllers\Usuario->listarUsuarios()
 3 SYSTEMPATH/CodeIgniter.php(502): CodeIgniter\CodeIgniter->runController()
 4 SYSTEMPATH/CodeIgniter.php(361): CodeIgniter\CodeIgniter->handleRequest()
 5 FCPATH/index.php(79): CodeIgniter\CodeIgniter->run()
CRITICAL - 2024-02-05 03:25:34 --> ErrorException: Undefined array key 5
in APPPATH/Controllers/Usuario.php on line 54.
 1 APPPATH/Controllers/Usuario.php(54): CodeIgniter\Debug\Exceptions->errorHandler()
 2 SYSTEMPATH/CodeIgniter.php(941): App\Controllers\Usuario->listarUsuarios()
 3 SYSTEMPATH/CodeIgniter.php(502): CodeIgniter\CodeIgniter->runController()
 4 SYSTEMPATH/CodeIgniter.php(361): CodeIgniter\CodeIgniter->handleRequest()
 5 FCPATH/index.php(79): CodeIgniter\CodeIgniter->run()
CRITICAL - 2024-02-05 03:25:53 --> ErrorException: Undefined array key 5
in APPPATH/Controllers/Usuario.php on line 54.
 1 APPPATH/Controllers/Usuario.php(54): CodeIgniter\Debug\Exceptions->errorHandler()
 2 SYSTEMPATH/CodeIgniter.php(941): App\Controllers\Usuario->listarUsuarios()
 3 SYSTEMPATH/CodeIgniter.php(502): CodeIgniter\CodeIgniter->runController()
 4 SYSTEMPATH/CodeIgniter.php(361): CodeIgniter\CodeIgniter->handleRequest()
 5 FCPATH/index.php(79): CodeIgniter\CodeIgniter->run()
